# JRE version: OpenJDK Runtime Environment (8.0_242-b01) (build 1.8.0_242-release-1644-b01)
# Java VM: OpenJDK 64-Bit Server VM (25.242-b01 mixed mode windows-amd64 compressed oops)
Heap:
 PSYoungGen      total 316416K, used 291467K [0x00000000d5580000, 0x00000000efa80000, 0x0000000100000000)
  eden space 237056K, 89% used [0x00000000d5580000,0x00000000e252a2d8,0x00000000e3d00000)
  from space 79360K, 99% used [0x00000000e9680000,0x00000000ee378c90,0x00000000ee400000)
  to   space 91648K, 0% used [0x00000000e3d00000,0x00000000e3d00000,0x00000000e9680000)
 ParOldGen       total 270336K, used 158127K [0x0000000080000000, 0x0000000090800000, 0x00000000d5580000)
  object space 270336K, 58% used [0x0000000080000000,0x0000000089a6bf78,0x0000000090800000)
 Metaspace       used 159407K, capacity 165373K, committed 165488K, reserved 1193984K
  class space    used 20169K, capacity 21331K, committed 21416K, reserved 1048576K
GC Heap History (10 events):
Event: 131.732 GC heap before
{Heap before GC invocations=29 (full 5):
 PSYoungGen      total 236544K, used 236517K [0x00000000d5580000, 0x00000000e9100000, 0x0000000100000000)
  eden space 199168K, 100% used [0x00000000d5580000,0x00000000e1800000,0x00000000e1800000)
  from space 37376K, 99% used [0x00000000e1800000,0x00000000e3c79778,0x00000000e3c80000)
  to   space 46080K, 0% used [0x00000000e6400000,0x00000000e6400000,0x00000000e9100000)
 ParOldGen       total 270336K, used 77702K [0x0000000080000000, 0x0000000090800000, 0x00000000d5580000)
  object space 270336K, 28% used [0x0000000080000000,0x0000000084be19d0,0x0000000090800000)
 Metaspace       used 146340K, capacity 151743K, committed 152176K, reserved 1181696K
  class space    used 19012K, capacity 20044K, committed 20136K, reserved 1048576K
Event: 131.863 GC heap after
Heap after GC invocations=29 (full 5):
 PSYoungGen      total 266752K, used 46070K [0x00000000d5580000, 0x00000000ea180000, 0x0000000100000000)
  eden space 220672K, 0% used [0x00000000d5580000,0x00000000d5580000,0x00000000e2d00000)
  from space 46080K, 99% used [0x00000000e6400000,0x00000000e90fd8d0,0x00000000e9100000)
  to   space 56320K, 0% used [0x00000000e2d00000,0x00000000e2d00000,0x00000000e6400000)
 ParOldGen       total 270336K, used 85084K [0x0000000080000000, 0x0000000090800000, 0x00000000d5580000)
  object space 270336K, 31% used [0x0000000080000000,0x0000000085317070,0x0000000090800000)
 Metaspace       used 146340K, capacity 151743K, committed 152176K, reserved 1181696K
  class space    used 19012K, capacity 20044K, committed 20136K, reserved 1048576K
}
Event: 139.017 GC heap before
{Heap before GC invocations=30 (full 5):
 PSYoungGen      total 266752K, used 261323K [0x00000000d5580000, 0x00000000ea180000, 0x0000000100000000)
  eden space 220672K, 97% used [0x00000000d5580000,0x00000000e27b5598,0x00000000e2d00000)
  from space 46080K, 99% used [0x00000000e6400000,0x00000000e90fd8d0,0x00000000e9100000)
  to   space 56320K, 0% used [0x00000000e2d00000,0x00000000e2d00000,0x00000000e6400000)
 ParOldGen       total 270336K, used 85084K [0x0000000080000000, 0x0000000090800000, 0x00000000d5580000)
  object space 270336K, 31% used [0x0000000080000000,0x0000000085317070,0x0000000090800000)
 Metaspace       used 157450K, capacity 163001K, committed 163440K, reserved 1191936K
  class space    used 19990K, capacity 21091K, committed 21160K, reserved 1048576K
Event: 139.165 GC heap after
Heap after GC invocations=30 (full 5):
 PSYoungGen      total 276992K, used 43195K [0x00000000d5580000, 0x00000000eb880000, 0x0000000100000000)
  eden space 220672K, 0% used [0x00000000d5580000,0x00000000d5580000,0x00000000e2d00000)
  from space 56320K, 76% used [0x00000000e2d00000,0x00000000e572ec90,0x00000000e6400000)
  to   space 60416K, 0% used [0x00000000e7d80000,0x00000000e7d80000,0x00000000eb880000)
 ParOldGen       total 270336K, used 101568K [0x0000000080000000, 0x0000000090800000, 0x00000000d5580000)
  object space 270336K, 37% used [0x0000000080000000,0x0000000086330328,0x0000000090800000)
 Metaspace       used 157450K, capacity 163001K, committed 163440K, reserved 1191936K
  class space    used 19990K, capacity 21091K, committed 21160K, reserved 1048576K
}
Event: 140.659 GC heap before
{Heap before GC invocations=31 (full 5):
 PSYoungGen      total 276992K, used 263867K [0x00000000d5580000, 0x00000000eb880000, 0x0000000100000000)
  eden space 220672K, 100% used [0x00000000d5580000,0x00000000e2d00000,0x00000000e2d00000)
  from space 56320K, 76% used [0x00000000e2d00000,0x00000000e572ec90,0x00000000e6400000)
  to   space 60416K, 0% used [0x00000000e7d80000,0x00000000e7d80000,0x00000000eb880000)
 ParOldGen       total 270336K, used 101568K [0x0000000080000000, 0x0000000090800000, 0x00000000d5580000)
  object space 270336K, 37% used [0x0000000080000000,0x0000000086330328,0x0000000090800000)
 Metaspace       used 157472K, capacity 163007K, committed 163440K, reserved 1191936K
  class space    used 19992K, capacity 21094K, committed 21160K, reserved 1048576K
Event: 140.894 GC heap after
Heap after GC invocations=31 (full 5):
 PSYoungGen      total 281600K, used 60398K [0x00000000d5580000, 0x00000000eec80000, 0x0000000100000000)
  eden space 221184K, 0% used [0x00000000d5580000,0x00000000d5580000,0x00000000e2d80000)
  from space 60416K, 99% used [0x00000000e7d80000,0x00000000eb87b8f8,0x00000000eb880000)
  to   space 81920K, 0% used [0x00000000e2d80000,0x00000000e2d80000,0x00000000e7d80000)
 ParOldGen       total 270336K, used 133608K [0x0000000080000000, 0x0000000090800000, 0x00000000d5580000)
  object space 270336K, 49% used [0x0000000080000000,0x000000008827a2c8,0x0000000090800000)
 Metaspace       used 157472K, capacity 163007K, committed 163440K, reserved 1191936K
  class space    used 19992K, capacity 21094K, committed 21160K, reserved 1048576K
}
Event: 166.267 GC heap before
{Heap before GC invocations=32 (full 5):
 PSYoungGen      total 281600K, used 281582K [0x00000000d5580000, 0x00000000eec80000, 0x0000000100000000)
  eden space 221184K, 100% used [0x00000000d5580000,0x00000000e2d80000,0x00000000e2d80000)
  from space 60416K, 99% used [0x00000000e7d80000,0x00000000eb87b8f8,0x00000000eb880000)
  to   space 81920K, 0% used [0x00000000e2d80000,0x00000000e2d80000,0x00000000e7d80000)
 ParOldGen       total 270336K, used 133608K [0x0000000080000000, 0x0000000090800000, 0x00000000d5580000)
  object space 270336K, 49% used [0x0000000080000000,0x000000008827a2c8,0x0000000090800000)
 Metaspace       used 159011K, capacity 164797K, committed 165232K, reserved 1193984K
  class space    used 20148K, capacity 21293K, committed 21416K, reserved 1048576K
Event: 166.427 GC heap after
Heap after GC invocations=32 (full 5):
 PSYoungGen      total 303104K, used 38121K [0x00000000d5580000, 0x00000000ee400000, 0x0000000100000000)
  eden space 221184K, 0% used [0x00000000d5580000,0x00000000d5580000,0x00000000e2d80000)
  from space 81920K, 46% used [0x00000000e2d80000,0x00000000e52ba458,0x00000000e7d80000)
  to   space 79360K, 0% used [0x00000000e9680000,0x00000000e9680000,0x00000000ee400000)
 ParOldGen       total 270336K, used 158119K [0x0000000080000000, 0x0000000090800000, 0x00000000d5580000)
  object space 270336K, 58% used [0x0000000080000000,0x0000000089a69f78,0x0000000090800000)
 Metaspace       used 159011K, capacity 164797K, committed 165232K, reserved 1193984K
  class space    used 20148K, capacity 21293K, committed 21416K, reserved 1048576K
}
Event: 174.224 GC heap before
{Heap before GC invocations=33 (full 5):
 PSYoungGen      total 303104K, used 259305K [0x00000000d5580000, 0x00000000ee400000, 0x0000000100000000)
  eden space 221184K, 100% used [0x00000000d5580000,0x00000000e2d80000,0x00000000e2d80000)
  from space 81920K, 46% used [0x00000000e2d80000,0x00000000e52ba458,0x00000000e7d80000)
  to   space 79360K, 0% used [0x00000000e9680000,0x00000000e9680000,0x00000000ee400000)
 ParOldGen       total 270336K, used 158119K [0x0000000080000000, 0x0000000090800000, 0x00000000d5580000)
  object space 270336K, 58% used [0x0000000080000000,0x0000000089a69f78,0x0000000090800000)
 Metaspace       used 159391K, capacity 165373K, committed 165488K, reserved 1193984K
  class space    used 20169K, capacity 21331K, committed 21416K, reserved 1048576K
Event: 174.456 GC heap after
Heap after GC invocations=33 (full 5):
 PSYoungGen      total 316416K, used 78819K [0x00000000d5580000, 0x00000000efa80000, 0x0000000100000000)
  eden space 237056K, 0% used [0x00000000d5580000,0x00000000d5580000,0x00000000e3d00000)
  from space 79360K, 99% used [0x00000000e9680000,0x00000000ee378c90,0x00000000ee400000)
  to   space 91648K, 0% used [0x00000000e3d00000,0x00000000e3d00000,0x00000000e9680000)
 ParOldGen       total 270336K, used 158127K [0x0000000080000000, 0x0000000090800000, 0x00000000d5580000)
  object space 270336K, 58% used [0x0000000080000000,0x0000000089a6bf78,0x0000000090800000)
 Metaspace       used 159391K, capacity 165373K, committed 165488K, reserved 1193984K
  class space    used 20169K, capacity 21331K, committed 21416K, reserved 1048576K
}

